{
  "stats": {
    "suites": 1,
    "tests": 5,
    "passes": 5,
    "pending": 0,
    "failures": 0,
    "start": "2021-11-03T19:05:08.588Z",
    "end": "2021-11-03T19:05:33.758Z",
    "duration": 25170,
    "testsRegistered": 5,
    "passPercent": 100,
    "pendingPercent": 0,
    "other": 0,
    "hasOther": false,
    "skipped": 0,
    "hasSkipped": false
  },
  "results": [
    {
      "uuid": "e408b3ab-179e-491f-b0c3-1bc15d042715",
      "title": "",
      "fullFile": "cypress/integration/Test-Page-Object.spec.js",
      "file": "cypress/integration/Test-Page-Object.spec.js",
      "beforeHooks": [],
      "afterHooks": [],
      "tests": [],
      "suites": [
        {
          "uuid": "0f1dc56d-47f0-41b1-92d4-6109e6a504b0",
          "title": "Regression test suite",
          "fullFile": "",
          "file": "",
          "beforeHooks": [],
          "afterHooks": [],
          "tests": [
            {
              "title": "perform valid login and logout",
              "fullTitle": "Regression test suite perform valid login and logout",
              "timedOut": null,
              "duration": 3298,
              "state": "passed",
              "speed": "fast",
              "pass": true,
              "fail": false,
              "pending": false,
              "context": null,
              "code": "indexfunction.PerformValidLogin(cy, 'tester01', 'GteteqbQQgSr88SwNExUQv2ydb7xuf8c', 'Tester Hotel Overview');\ndashboardfunction.CheckTitleOfDashboardPage(cy);\ndashboardfunction.CheckUserName(cy);\ndashboardfunction.PerformLogout(cy, 'Login');",
              "err": {},
              "uuid": "4868c711-e56c-44ec-b8d8-84dc9fd6254d",
              "parentUUID": "0f1dc56d-47f0-41b1-92d4-6109e6a504b0",
              "isHook": false,
              "skipped": false
            },
            {
              "title": "navigation through the pages",
              "fullTitle": "Regression test suite navigation through the pages",
              "timedOut": null,
              "duration": 5969,
              "state": "passed",
              "speed": "medium",
              "pass": true,
              "fail": false,
              "pending": false,
              "context": null,
              "code": "indexfunction.PerformValidLogin(cy, 'tester01', 'GteteqbQQgSr88SwNExUQv2ydb7xuf8c', 'Tester Hotel Overview');\ndashboardfunction.CheckTitleOfDashboardPage(cy);\ndashboardfunction.CheckUserName(cy);\nnavigationfunction.navigateThroughRoomsPage(cy, 'Rooms');\nnavigationfunction.navigateThroughClientsPage(cy, 'Clients');\nnavigationfunction.navigateThroughBillsPage(cy, 'Bills');\nnavigationfunction.navigateThroughreservationPage(cy, 'Reservations');\ndashboardfunction.PerformLogout(cy, 'Login');",
              "err": {},
              "uuid": "ad19a9ac-d412-45ec-9412-9361232b8bdb",
              "parentUUID": "0f1dc56d-47f0-41b1-92d4-6109e6a504b0",
              "isHook": false,
              "skipped": false
            },
            {
              "title": "create room page",
              "fullTitle": "Regression test suite create room page",
              "timedOut": null,
              "duration": 4995,
              "state": "passed",
              "speed": "fast",
              "pass": true,
              "fail": false,
              "pending": false,
              "context": null,
              "code": "indexfunction.PerformValidLogin(cy, 'tester01', 'GteteqbQQgSr88SwNExUQv2ydb7xuf8c', 'Tester Hotel Overview');\ndashboardfunction.CheckTitleOfDashboardPage(cy);\ndashboardfunction.CheckUserName(cy);\ncreateroomfunction.createRoom(cy, 'Single', '12', '1', '1000', 'Balcony', 'Tester Hotel Overview');\ndashboardfunction.PerformLogout(cy, 'Login');",
              "err": {},
              "uuid": "b9e87862-348f-435d-8a65-219f076434fb",
              "parentUUID": "0f1dc56d-47f0-41b1-92d4-6109e6a504b0",
              "isHook": false,
              "skipped": false
            },
            {
              "title": "create client page",
              "fullTitle": "Regression test suite create client page",
              "timedOut": null,
              "duration": 4668,
              "state": "passed",
              "speed": "fast",
              "pass": true,
              "fail": false,
              "pending": false,
              "context": null,
              "code": "indexfunction.PerformValidLogin(cy, 'tester01', 'GteteqbQQgSr88SwNExUQv2ydb7xuf8c', 'Tester Hotel Overview');\ndashboardfunction.CheckTitleOfDashboardPage(cy);\ndashboardfunction.CheckUserName(cy);\ncreateclientfunction.createClient(cy, 'sana', 'sana@gmail.com', '07234535536');\ndashboardfunction.PerformLogout(cy, 'Login');",
              "err": {},
              "uuid": "9ae869a3-23c0-4ab7-9193-1bac343292e8",
              "parentUUID": "0f1dc56d-47f0-41b1-92d4-6109e6a504b0",
              "isHook": false,
              "skipped": false
            },
            {
              "title": "create bill page",
              "fullTitle": "Regression test suite create bill page",
              "timedOut": null,
              "duration": 3586,
              "state": "passed",
              "speed": "fast",
              "pass": true,
              "fail": false,
              "pending": false,
              "context": null,
              "code": "indexfunction.PerformValidLogin(cy, 'tester01', 'GteteqbQQgSr88SwNExUQv2ydb7xuf8c', 'Tester Hotel Overview');\ndashboardfunction.CheckTitleOfDashboardPage(cy);\ndashboardfunction.CheckUserName(cy);\ncreatebillfunction.createBill(cy, '1000');\ndashboardfunction.PerformLogout(cy, 'Login');",
              "err": {},
              "uuid": "96b76858-285a-4902-abdc-21f1326a2fad",
              "parentUUID": "0f1dc56d-47f0-41b1-92d4-6109e6a504b0",
              "isHook": false,
              "skipped": false
            }
          ],
          "suites": [],
          "passes": [
            "4868c711-e56c-44ec-b8d8-84dc9fd6254d",
            "ad19a9ac-d412-45ec-9412-9361232b8bdb",
            "b9e87862-348f-435d-8a65-219f076434fb",
            "9ae869a3-23c0-4ab7-9193-1bac343292e8",
            "96b76858-285a-4902-abdc-21f1326a2fad"
          ],
          "failures": [],
          "pending": [],
          "skipped": [],
          "duration": 22516,
          "root": false,
          "rootEmpty": false,
          "_timeout": 2000
        }
      ],
      "passes": [],
      "failures": [],
      "pending": [],
      "skipped": [],
      "duration": 0,
      "root": true,
      "rootEmpty": true,
      "_timeout": 2000
    }
  ],
  "meta": {
    "mocha": {
      "version": "7.0.1"
    },
    "mochawesome": {
      "options": {
        "quiet": false,
        "reportFilename": "mochawesome",
        "saveHtml": true,
        "saveJson": true,
        "consoleReporter": "spec",
        "useInlineDiffs": false,
        "code": true
      },
      "version": "6.3.1"
    },
    "marge": {
      "options": null,
      "version": "5.2.0"
    }
  }
}